Starting Mock Data Server with Embedded NATS...
 - NATS: :4222
 - WS:   :4223
 - Stream: :8080/stream
[2026-01-25T19:50:42.262-08:00 | INFO | log.go:Noticef:182] Starting nats-server
[2026-01-25T19:50:42.262-08:00 | INFO | log.go:Noticef:182]   Version:  2.12.3
[2026-01-25T19:50:42.262-08:00 | INFO | log.go:Noticef:182]   Git:      [not set]
[2026-01-25T19:50:42.262-08:00 | DEBUG | log.go:Debugf:263]   Go build: go1.25.5
[2026-01-25T19:50:42.262-08:00 | INFO | log.go:Noticef:182]   Name:     NAPKRKBMSRJ4IAN5JVJQWPLU74CW5HHIPX7VGFXVTWI3EJGANDGCRRWU
[2026-01-25T19:50:42.262-08:00 | INFO | log.go:Noticef:182]   ID:       NAPKRKBMSRJ4IAN5JVJQWPLU74CW5HHIPX7VGFXVTWI3EJGANDGCRRWU
[2026-01-25T19:50:42.262-08:00 | DEBUG | log.go:Debugf:263] Created system account: "$SYS"
[2026-01-25T19:50:42.263-08:00 | TRACE | log.go:Tracef:274] SYSTEM - <<- [SUB $SYS._INBOX.yONJ4gGo.*  2]
[2026-01-25T19:50:42.263-08:00 | TRACE | log.go:Tracef:274] SYSTEM - <<- [SUB $SYS.SERVER.ACCOUNT.*.CONNS  3]
[2026-01-25T19:50:42.263-08:00 | TRACE | log.go:Tracef:274] SYSTEM - <<- [SUB $SYS._INBOX_.NAPKRKBMSRJ4IAN5JVJQWPLU74CW5HHIPX7VGFXVTWI3EJGANDGCRRWU  4]
[2026-01-25T19:50:42.263-08:00 | TRACE | log.go:Tracef:274] SYSTEM - <<- [SUB $SYS.REQ.ACCOUNT.NSUBS  5]
[2026-01-25T19:50:42.263-08:00 | TRACE | log.go:Tracef:274] SYSTEM - <<- [SUB $SYS.SERVER.*.STATSZ  6]
[2026-01-25T19:50:42.263-08:00 | TRACE | log.go:Tracef:274] SYSTEM - <<- [SUB $SYS.SERVER.*.SHUTDOWN  7]
[2026-01-25T19:50:42.263-08:00 | TRACE | log.go:Tracef:274] SYSTEM - <<- [SUB $SYS.SERVER.*.LAMEDUCK  8]
[2026-01-25T19:50:42.263-08:00 | TRACE | log.go:Tracef:274] SYSTEM - <<- [SUB $SYS.ACCOUNT.*.CLAIMS.UPDATE  9]
[2026-01-25T19:50:42.263-08:00 | TRACE | log.go:Tracef:274] SYSTEM - <<- [SUB $SYS.REQ.ACCOUNT.*.CLAIMS.UPDATE  10]
[2026-01-25T19:50:42.263-08:00 | TRACE | log.go:Tracef:274] SYSTEM - <<- [SUB $SYS.REQ.SERVER.PING  11]
[2026-01-25T19:50:42.263-08:00 | TRACE | log.go:Tracef:274] SYSTEM - <<- [SUB $SYS.REQ.SERVER.NAPKRKBMSRJ4IAN5JVJQWPLU74CW5HHIPX7VGFXVTWI3EJGANDGCRRWU.PROFILEZ  12]
[2026-01-25T19:50:42.263-08:00 | TRACE | log.go:Tracef:274] SYSTEM - <<- [SUB $SYS.REQ.SERVER.PING.PROFILEZ  13]
[2026-01-25T19:50:42.263-08:00 | TRACE | log.go:Tracef:274] SYSTEM - <<- [SUB $SYS.REQ.SERVER.NAPKRKBMSRJ4IAN5JVJQWPLU74CW5HHIPX7VGFXVTWI3EJGANDGCRRWU.VARZ  14]
[2026-01-25T19:50:42.263-08:00 | TRACE | log.go:Tracef:274] SYSTEM - <<- [SUB $SYS.REQ.SERVER.PING.VARZ  15]
[2026-01-25T19:50:42.263-08:00 | TRACE | log.go:Tracef:274] SYSTEM - <<- [SUB $SYS.REQ.SERVER.NAPKRKBMSRJ4IAN5JVJQWPLU74CW5HHIPX7VGFXVTWI3EJGANDGCRRWU.LEAFZ  16]
[2026-01-25T19:50:42.263-08:00 | TRACE | log.go:Tracef:274] SYSTEM - <<- [SUB $SYS.REQ.SERVER.PING.LEAFZ  17]
[2026-01-25T19:50:42.263-08:00 | TRACE | log.go:Tracef:274] SYSTEM - <<- [SUB $SYS.REQ.SERVER.NAPKRKBMSRJ4IAN5JVJQWPLU74CW5HHIPX7VGFXVTWI3EJGANDGCRRWU.ACCOUNTZ  18]
[2026-01-25T19:50:42.263-08:00 | TRACE | log.go:Tracef:274] SYSTEM - <<- [SUB $SYS.REQ.SERVER.PING.ACCOUNTZ  19]
[2026-01-25T19:50:42.263-08:00 | TRACE | log.go:Tracef:274] SYSTEM - <<- [SUB $SYS.REQ.SERVER.NAPKRKBMSRJ4IAN5JVJQWPLU74CW5HHIPX7VGFXVTWI3EJGANDGCRRWU.STATSZ  20]
[2026-01-25T19:50:42.263-08:00 | TRACE | log.go:Tracef:274] SYSTEM - <<- [SUB $SYS.REQ.SERVER.PING.STATSZ  21]
[2026-01-25T19:50:42.263-08:00 | TRACE | log.go:Tracef:274] SYSTEM - <<- [SUB $SYS.REQ.SERVER.NAPKRKBMSRJ4IAN5JVJQWPLU74CW5HHIPX7VGFXVTWI3EJGANDGCRRWU.ROUTEZ  22]
[2026-01-25T19:50:42.263-08:00 | TRACE | log.go:Tracef:274] SYSTEM - <<- [SUB $SYS.REQ.SERVER.PING.ROUTEZ  23]
[2026-01-25T19:50:42.263-08:00 | TRACE | log.go:Tracef:274] SYSTEM - <<- [SUB $SYS.REQ.SERVER.NAPKRKBMSRJ4IAN5JVJQWPLU74CW5HHIPX7VGFXVTWI3EJGANDGCRRWU.GATEWAYZ  24]
[2026-01-25T19:50:42.263-08:00 | TRACE | log.go:Tracef:274] SYSTEM - <<- [SUB $SYS.REQ.SERVER.PING.GATEWAYZ  25]
[2026-01-25T19:50:42.263-08:00 | TRACE | log.go:Tracef:274] SYSTEM - <<- [SUB $SYS.REQ.SERVER.NAPKRKBMSRJ4IAN5JVJQWPLU74CW5HHIPX7VGFXVTWI3EJGANDGCRRWU.JSZ  26]
[2026-01-25T19:50:42.263-08:00 | TRACE | log.go:Tracef:274] SYSTEM - <<- [SUB $SYS.REQ.SERVER.PING.JSZ  27]
[2026-01-25T19:50:42.263-08:00 | TRACE | log.go:Tracef:274] SYSTEM - <<- [SUB $SYS.REQ.SERVER.NAPKRKBMSRJ4IAN5JVJQWPLU74CW5HHIPX7VGFXVTWI3EJGANDGCRRWU.HEALTHZ  28]
[2026-01-25T19:50:42.263-08:00 | TRACE | log.go:Tracef:274] SYSTEM - <<- [SUB $SYS.REQ.SERVER.PING.HEALTHZ  29]
[2026-01-25T19:50:42.263-08:00 | TRACE | log.go:Tracef:274] SYSTEM - <<- [SUB $SYS.REQ.SERVER.NAPKRKBMSRJ4IAN5JVJQWPLU74CW5HHIPX7VGFXVTWI3EJGANDGCRRWU.EXPVARZ  30]
[2026-01-25T19:50:42.263-08:00 | TRACE | log.go:Tracef:274] SYSTEM - <<- [SUB $SYS.REQ.SERVER.PING.EXPVARZ  31]
[2026-01-25T19:50:42.263-08:00 | TRACE | log.go:Tracef:274] SYSTEM - <<- [SUB $SYS.REQ.SERVER.NAPKRKBMSRJ4IAN5JVJQWPLU74CW5HHIPX7VGFXVTWI3EJGANDGCRRWU.IDZ  32]
[2026-01-25T19:50:42.263-08:00 | TRACE | log.go:Tracef:274] SYSTEM - <<- [SUB $SYS.REQ.SERVER.PING.IDZ  33]
[2026-01-25T19:50:42.263-08:00 | TRACE | log.go:Tracef:274] SYSTEM - <<- [SUB $SYS.REQ.SERVER.NAPKRKBMSRJ4IAN5JVJQWPLU74CW5HHIPX7VGFXVTWI3EJGANDGCRRWU.CONNZ  34]
[2026-01-25T19:50:42.263-08:00 | TRACE | log.go:Tracef:274] SYSTEM - <<- [SUB $SYS.REQ.SERVER.PING.CONNZ  35]
[2026-01-25T19:50:42.263-08:00 | TRACE | log.go:Tracef:274] SYSTEM - <<- [SUB $SYS.REQ.SERVER.NAPKRKBMSRJ4IAN5JVJQWPLU74CW5HHIPX7VGFXVTWI3EJGANDGCRRWU.IPQUEUESZ  36]
[2026-01-25T19:50:42.263-08:00 | TRACE | log.go:Tracef:274] SYSTEM - <<- [SUB $SYS.REQ.SERVER.PING.IPQUEUESZ  37]
[2026-01-25T19:50:42.263-08:00 | TRACE | log.go:Tracef:274] SYSTEM - <<- [SUB $SYS.REQ.SERVER.NAPKRKBMSRJ4IAN5JVJQWPLU74CW5HHIPX7VGFXVTWI3EJGANDGCRRWU.RAFTZ  38]
[2026-01-25T19:50:42.263-08:00 | TRACE | log.go:Tracef:274] SYSTEM - <<- [SUB $SYS.REQ.SERVER.PING.RAFTZ  39]
[2026-01-25T19:50:42.263-08:00 | TRACE | log.go:Tracef:274] SYSTEM - <<- [SUB $SYS.REQ.SERVER.NAPKRKBMSRJ4IAN5JVJQWPLU74CW5HHIPX7VGFXVTWI3EJGANDGCRRWU.SUBSZ  40]
[2026-01-25T19:50:42.263-08:00 | TRACE | log.go:Tracef:274] SYSTEM - <<- [PUB $SYS.SERVER.ACCOUNT.$SYS.CONNS  731]
[2026-01-25T19:50:42.263-08:00 | TRACE | log.go:Tracef:274] SYSTEM - <<- MSG_PAYLOAD: ["{\"type\":\"io.nats.server.advisory.v1.account_connections\",\"id\":\"IS106azWWyXBzOUgTpdVEJ\",\"timestamp\":\"2026-01-26T03:50:42.263015151Z\",\"server\":{\"name\":\"NAPKRKBMSRJ4IAN5JVJQWPLU74CW5HHIPX7VGFXVTWI3EJGANDGCRRWU\",\"host\":\"0.0.0.0\",\"id\":\"NAPKRKBMSRJ4IAN5JVJQWPLU74CW5HHIPX7VGFXVTWI3EJGANDGCRRWU\",\"ver\":\"2.12.3\",\"jetstream\":false,\"flags\":0,\"seq\":2,\"time\":\"2026-01-26T03:50:42.263332405Z\"},\"acc\":\"$SYS\",\"name\":\"$SYS\",\"conns\":0,\"leafnodes\":0,\"total_conns\":0,\"num_subscriptions\":0,\"sent\":{\"msgs\":0,\"bytes\":0,\"gateways\":{\"msgs\":0,\"bytes\":0},\"routes\":{\"msgs\":0,\"bytes\":0},\"leafs\":{\"msgs\":0,\"bytes\":0}},\"received\":{\"msgs\":0,\"bytes\":0,\"gateways\":{\"msgs\":0,\"bytes\":0},\"routes\":{\"msgs\":0,\"bytes\":0},\"leafs\":{\"msgs\":0,\"bytes\":0}},\"slow_consumers\":0}"]
[2026-01-25T19:50:42.263-08:00 | TRACE | log.go:Tracef:274] SYSTEM - <<- [PUB $SYS.ACCOUNT.$SYS.SERVER.CONNS  731]
[2026-01-25T19:50:42.263-08:00 | TRACE | log.go:Tracef:274] SYSTEM - <<- MSG_PAYLOAD: ["{\"type\":\"io.nats.server.advisory.v1.account_connections\",\"id\":\"IS106azWWyXBzOUgTpdVEJ\",\"timestamp\":\"2026-01-26T03:50:42.263015151Z\",\"server\":{\"name\":\"NAPKRKBMSRJ4IAN5JVJQWPLU74CW5HHIPX7VGFXVTWI3EJGANDGCRRWU\",\"host\":\"0.0.0.0\",\"id\":\"NAPKRKBMSRJ4IAN5JVJQWPLU74CW5HHIPX7VGFXVTWI3EJGANDGCRRWU\",\"ver\":\"2.12.3\",\"jetstream\":false,\"flags\":0,\"seq\":3,\"time\":\"2026-01-26T03:50:42.263822321Z\"},\"acc\":\"$SYS\",\"name\":\"$SYS\",\"conns\":0,\"leafnodes\":0,\"total_conns\":0,\"num_subscriptions\":0,\"sent\":{\"msgs\":0,\"bytes\":0,\"gateways\":{\"msgs\":0,\"bytes\":0},\"routes\":{\"msgs\":0,\"bytes\":0},\"leafs\":{\"msgs\":0,\"bytes\":0}},\"received\":{\"msgs\":0,\"bytes\":0,\"gateways\":{\"msgs\":0,\"bytes\":0},\"routes\":{\"msgs\":0,\"bytes\":0},\"leafs\":{\"msgs\":0,\"bytes\":0}},\"slow_consumers\":0}"]
[2026-01-25T19:50:42.263-08:00 | TRACE | log.go:Tracef:274] SYSTEM - <<- [PUB $SYS.SERVER.ACCOUNT.$SYS.CONNS  731]
[2026-01-25T19:50:42.263-08:00 | TRACE | log.go:Tracef:274] SYSTEM - <<- MSG_PAYLOAD: ["{\"type\":\"io.nats.server.advisory.v1.account_connections\",\"id\":\"IS106azWWyXBzOUgTpdVG1\",\"timestamp\":\"2026-01-26T03:50:42.263243799Z\",\"server\":{\"name\":\"NAPKRKBMSRJ4IAN5JVJQWPLU74CW5HHIPX7VGFXVTWI3EJGANDGCRRWU\",\"host\":\"0.0.0.0\",\"id\":\"NAPKRKBMSRJ4IAN5JVJQWPLU74CW5HHIPX7VGFXVTWI3EJGANDGCRRWU\",\"ver\":\"2.12.3\",\"jetstream\":false,\"flags\":0,\"seq\":4,\"time\":\"2026-01-26T03:50:42.263899115Z\"},\"acc\":\"$SYS\",\"name\":\"$SYS\",\"conns\":0,\"leafnodes\":0,\"total_conns\":0,\"num_subscriptions\":3,\"sent\":{\"msgs\":0,\"bytes\":0,\"gateways\":{\"msgs\":0,\"bytes\":0},\"routes\":{\"msgs\":0,\"bytes\":0},\"leafs\":{\"msgs\":0,\"bytes\":0}},\"received\":{\"msgs\":0,\"bytes\":0,\"gateways\":{\"msgs\":0,\"bytes\":0},\"routes\":{\"msgs\":0,\"bytes\":0},\"leafs\":{\"msgs\":0,\"bytes\":0}},\"slow_consumers\":0}"]
[2026-01-25T19:50:42.263-08:00 | TRACE | log.go:Tracef:274] SYSTEM - <<- [SUB $SYS.REQ.SERVER.PING.SUBSZ  41]
[2026-01-25T19:50:42.263-08:00 | TRACE | log.go:Tracef:274] SYSTEM - <<- [PUB $SYS.ACCOUNT.$SYS.SERVER.CONNS  731]
[2026-01-25T19:50:42.264-08:00 | TRACE | log.go:Tracef:274] SYSTEM - <<- MSG_PAYLOAD: ["{\"type\":\"io.nats.server.advisory.v1.account_connections\",\"id\":\"IS106azWWyXBzOUgTpdVG1\",\"timestamp\":\"2026-01-26T03:50:42.263243799Z\",\"server\":{\"name\":\"NAPKRKBMSRJ4IAN5JVJQWPLU74CW5HHIPX7VGFXVTWI3EJGANDGCRRWU\",\"host\":\"0.0.0.0\",\"id\":\"NAPKRKBMSRJ4IAN5JVJQWPLU74CW5HHIPX7VGFXVTWI3EJGANDGCRRWU\",\"ver\":\"2.12.3\",\"jetstream\":false,\"flags\":0,\"seq\":5,\"time\":\"2026-01-26T03:50:42.263975454Z\"},\"acc\":\"$SYS\",\"name\":\"$SYS\",\"conns\":0,\"leafnodes\":0,\"total_conns\":0,\"num_subscriptions\":3,\"sent\":{\"msgs\":0,\"bytes\":0,\"gateways\":{\"msgs\":0,\"bytes\":0},\"routes\":{\"msgs\":0,\"bytes\":0},\"leafs\":{\"msgs\":0,\"bytes\":0}},\"received\":{\"msgs\":0,\"bytes\":0,\"gateways\":{\"msgs\":0,\"bytes\":0},\"routes\":{\"msgs\":0,\"bytes\":0},\"leafs\":{\"msgs\":0,\"bytes\":0}},\"slow_consumers\":0}"]
[2026-01-25T19:50:42.264-08:00 | TRACE | log.go:Tracef:274] SYSTEM - <<- [SUB $SYS.REQ.ACCOUNT.*.SUBSZ  42]
[2026-01-25T19:50:42.264-08:00 | TRACE | log.go:Tracef:274] SYSTEM - <<- [SUB $SYS.REQ.ACCOUNT.*.CONNZ  43]
[2026-01-25T19:50:42.264-08:00 | TRACE | log.go:Tracef:274] SYSTEM - <<- [SUB $SYS.REQ.ACCOUNT.*.LEAFZ  44]
[2026-01-25T19:50:42.264-08:00 | TRACE | log.go:Tracef:274] SYSTEM - <<- [SUB $SYS.REQ.ACCOUNT.*.JSZ  45]
[2026-01-25T19:50:42.264-08:00 | TRACE | log.go:Tracef:274] SYSTEM - <<- [SUB $SYS.REQ.ACCOUNT.*.INFO  46]
[2026-01-25T19:50:42.264-08:00 | TRACE | log.go:Tracef:274] SYSTEM - <<- [SUB $SYS.REQ.ACCOUNT.*.STATZ  47]
[2026-01-25T19:50:42.264-08:00 | TRACE | log.go:Tracef:274] SYSTEM - <<- [SUB $SYS.REQ.ACCOUNT.*.CONNS  48]
[2026-01-25T19:50:42.264-08:00 | TRACE | log.go:Tracef:274] SYSTEM - <<- [SUB $SYS.REQ.USER.*.INFO  49]
[2026-01-25T19:50:42.264-08:00 | TRACE | log.go:Tracef:274] SYSTEM - <<- [SUB $SYS.REQ.ACCOUNT.PING.STATZ  50]
[2026-01-25T19:50:42.264-08:00 | TRACE | log.go:Tracef:274] SYSTEM - <<- [SUB $SYS.ACCOUNT.*.LEAFNODE.CONNECT  51]
[2026-01-25T19:50:42.264-08:00 | TRACE | log.go:Tracef:274] SYSTEM - <<- [SUB $SYS.LATENCY.M2.yONJ4gGo  52]
[2026-01-25T19:50:42.264-08:00 | TRACE | log.go:Tracef:274] SYSTEM - <<- [SUB $SYS.DEBUG.SUBSCRIBERS  53]
[2026-01-25T19:50:42.264-08:00 | TRACE | log.go:Tracef:274] SYSTEM - <<- [SUB $SYS.REQ.SERVER.NAPKRKBMSRJ4IAN5JVJQWPLU74CW5HHIPX7VGFXVTWI3EJGANDGCRRWU.RELOAD  54]
[2026-01-25T19:50:42.264-08:00 | TRACE | log.go:Tracef:274] SYSTEM - <<- [SUB $SYS.REQ.SERVER.NAPKRKBMSRJ4IAN5JVJQWPLU74CW5HHIPX7VGFXVTWI3EJGANDGCRRWU.KICK  55]
[2026-01-25T19:50:42.264-08:00 | TRACE | log.go:Tracef:274] SYSTEM - <<- [SUB $SYS.REQ.SERVER.NAPKRKBMSRJ4IAN5JVJQWPLU74CW5HHIPX7VGFXVTWI3EJGANDGCRRWU.LDM  56]
[2026-01-25T19:50:42.264-08:00 | TRACE | log.go:Tracef:274] SYSTEM - <<- [PUB $SYS.REQ.ACCOUNT.$SYS.CONNS $SYS._INBOX_.NAPKRKBMSRJ4IAN5JVJQWPLU74CW5HHIPX7VGFXVTWI3EJGANDGCRRWU 263]
[2026-01-25T19:50:42.264-08:00 | TRACE | log.go:Tracef:274] SYSTEM - <<- MSG_PAYLOAD: ["{\"server\":{\"name\":\"NAPKRKBMSRJ4IAN5JVJQWPLU74CW5HHIPX7VGFXVTWI3EJGANDGCRRWU\",\"host\":\"0.0.0.0\",\"id\":\"NAPKRKBMSRJ4IAN5JVJQWPLU74CW5HHIPX7VGFXVTWI3EJGANDGCRRWU\",\"ver\":\"2.12.3\",\"jetstream\":false,\"flags\":0,\"seq\":6,\"time\":\"2026-01-26T03:50:42.264468657Z\"},\"acc\":\"$SYS\"}"]
[2026-01-25T19:50:42.264-08:00 | TRACE | log.go:Tracef:274] SYSTEM - <<- [PUB $SYS.REQ.ACCOUNT.$G.CONNS $SYS._INBOX_.NAPKRKBMSRJ4IAN5JVJQWPLU74CW5HHIPX7VGFXVTWI3EJGANDGCRRWU 261]
[2026-01-25T19:50:42.264-08:00 | TRACE | log.go:Tracef:274] SYSTEM - <<- MSG_PAYLOAD: ["{\"server\":{\"name\":\"NAPKRKBMSRJ4IAN5JVJQWPLU74CW5HHIPX7VGFXVTWI3EJGANDGCRRWU\",\"host\":\"0.0.0.0\",\"id\":\"NAPKRKBMSRJ4IAN5JVJQWPLU74CW5HHIPX7VGFXVTWI3EJGANDGCRRWU\",\"ver\":\"2.12.3\",\"jetstream\":false,\"flags\":0,\"seq\":7,\"time\":\"2026-01-26T03:50:42.264604693Z\"},\"acc\":\"$G\"}"]
[2026-01-25T19:50:42.294-08:00 | FATAL | log.go:Fatalf:252] Unable to listen for websocket connections: listen tcp 0.0.0.0:4223: bind: address already in use
exit status 1
