[SMOKE] Preflight: Go Format...
   [DIR] /Users/tim/code/dialtone/src/plugins/template/src_v2
   [CMD] go fmt ./...
[SMOKE] Preflight PASSED: Go Format (elapsed: 50ms)
[SMOKE] Preflight: Go Lint...
   [DIR] /Users/tim/code/dialtone/src/plugins/template/src_v2
   [CMD] go vet ./...
[SMOKE] Preflight PASSED: Go Lint (elapsed: 182ms)
[SMOKE] Preflight: Go Build...
   [DIR] /Users/tim/code/dialtone/src/plugins/template/src_v2
   [CMD] go build ./...
[SMOKE] Preflight still running: Go Build (elapsed: 1s)
[SMOKE] Preflight PASSED: Go Build (elapsed: 1.002s)
[SMOKE] Preflight: UI Install...
   [DIR] /Users/tim/code/dialtone
   [CMD] /Users/tim/code/dialtone/dialtone.sh bun exec --cwd /Users/tim/code/dialtone/src/plugins/template/src_v2/ui install --force
bun install v1.3.9 (cf6cdbbb)
Saved lockfile

+ @types/three@0.170.0
+ three@0.170.0
+ typescript@5.9.3
+ vite@5.4.21

20 packages installed [78.00ms]
[SMOKE] Preflight PASSED: UI Install (elapsed: 946ms)
[SMOKE] Preflight: UI TypeScript Lint...
   [DIR] /Users/tim/code/dialtone
   [CMD] /Users/tim/code/dialtone/dialtone.sh bun exec --cwd /Users/tim/code/dialtone/src/plugins/template/src_v2/ui run lint
$ tsc --noEmit
[SMOKE] Preflight PASSED: UI TypeScript Lint (elapsed: 933ms)
[SMOKE] Preflight: UI Build...
   [DIR] /Users/tim/code/dialtone
   [CMD] /Users/tim/code/dialtone/dialtone.sh bun exec --cwd /Users/tim/code/dialtone/src/plugins/template/src_v2/ui run build
$ vite build
[SMOKE] Preflight still running: UI Build (elapsed: 1s)
vite v5.4.21 building for production...
transforming...
✓ 18 modules transformed.
rendering chunks...
computing gzip size...
dist/index.html                   2.93 kB │ gzip:   1.05 kB
dist/assets/index-QymdLqyU.css    5.42 kB │ gzip:   1.74 kB
dist/assets/index-C7Zm7Aig.js     0.41 kB │ gzip:   0.29 kB
dist/assets/index-BZGnm6Y2.js     0.42 kB │ gzip:   0.29 kB
dist/assets/Typing-BI9S19x9.js    0.56 kB │ gzip:   0.34 kB
dist/assets/index-BfHV85E1.js     0.66 kB │ gzip:   0.43 kB
dist/assets/index-AdF7upE3.js    12.35 kB │ gzip:   4.17 kB
dist/assets/index-CjtBLtEp.js   468.29 kB │ gzip: 118.39 kB
✓ built in 477ms
[SMOKE] Preflight PASSED: UI Build (elapsed: 1.531s)
[SMOKE] Preflight: Source Prettier Format/Lint (JS/TS)...
[SMOKE] Preflight: Go Run...
   [DIR] /Users/tim/code/dialtone/src/plugins/template/src_v2
   [CMD] go run cmd/main.go
   [PORT] 8080 | [TIMEOUT] 20s
[SMOKE] Preflight Go Run started PID=40331
Template Server starting on http://localhost:8080
[SMOKE] Preflight Go Run port 8080 is ready (elapsed: 502ms)
[SMOKE] Preflight Go Run shutdown warning: timed out waiting for Go Run process shutdown
[SMOKE] Preflight: UI Run...
   [DIR] /Users/tim/code/dialtone
   [CMD] /Users/tim/code/dialtone/dialtone.sh bun exec --cwd /Users/tim/code/dialtone/src/plugins/template/src_v2/ui run dev --host 127.0.0.1 --port 63937
   [PORT] 63937 | [TIMEOUT] 19.778485959s
[SMOKE] Preflight UI Run started PID=40375
$ vite --host "127.0.0.1" --port "63937"
Re-optimizing dependencies because vite config has changed

  VITE v5.4.21  ready in 90 ms

  ➜  Local:   http://127.0.0.1:63937/
[SMOKE] Preflight UI Run port 63937 is ready (elapsed: 502ms)
[SMOKE] Preflight UI Run shutdown warning: timed out waiting for UI Run process shutdown
error: script "dev" was terminated by signal SIGKILL (Forced quit)
exit status 255
[SMOKE] Starting plugin server on port 8080...
[SMOKE] Server ready.
   [BROWSER] [log] "[SectionManager] 🧭 INITIAL LOAD #home"
   [BROWSER] [log] "[SectionManager] 📦 LOADING #home..."
   [BROWSER] [error] "[PROOFOFLIFE] Intentional Browser Test Error"
[SMOKE] Navigating to http://127.0.0.1:8080...
[SMOKE] Step Start: Hero Section Validation
   [BROWSER] [log] "[SectionManager] 🧭 NAVIGATE TO #home"
   [BROWSER] [log] "[SectionManager] 📦 LOADING #docs..."
   [BROWSER] [log] "[SectionManager] ✅ LOADED #home (40ms)"
   [BROWSER] [log] "[SectionManager] ✨ START #home"
   [BROWSER] [log] "[hero-viz] SLEEP"
   [BROWSER] [log] "[SectionManager] 🚀 RESUME #home"
   [BROWSER] [log] "[hero-viz] AWAKE"
   [BROWSER] [log] "[SectionManager] ✅ LOADED #docs (31ms)"
   [BROWSER] [log] "[SectionManager] ✨ START #docs"
   [BROWSER] [log] "[docs-viz] SLEEP"
[SMOKE] Step PASSED: Hero Section Validation
[SMOKE] Step Start: Documentation Section Validation
   [BROWSER] [log] "[SectionManager] 🧭 NAVIGATING TO #docs"
   [BROWSER] [log] "[SectionManager] 🧭 NAVIGATING TO #docs"
   [BROWSER] [log] "[SectionManager] 🧭 NAVIGATE AWAY #home"
   [BROWSER] [log] "[SectionManager] 🧭 NAVIGATE TO #docs"
   [BROWSER] [log] "[SectionManager] 📦 LOADING #table..."
   [BROWSER] [log] "[SectionManager] 🚀 RESUME #docs"
   [BROWSER] [log] "[docs-viz] AWAKE"
   [BROWSER] [log] "[SectionManager] ✅ LOADED #table (1ms)"
   [BROWSER] [log] "[SectionManager] ✨ START #table"
   [BROWSER] [log] "[table-viz] SLEEP"
   [BROWSER] [log] "[SectionManager] 💤 PAUSE #home"
   [BROWSER] [log] "[hero-viz] SLEEP"
[SMOKE] Step PASSED: Documentation Section Validation
[SMOKE] Step Start: Table Section Validation
   [BROWSER] [log] "[SectionManager] 🧭 NAVIGATING TO #table"
   [BROWSER] [log] "[SectionManager] 🧭 NAVIGATING TO #table"
   [BROWSER] [log] "[SectionManager] 🧭 NAVIGATE AWAY #docs"
   [BROWSER] [log] "[SectionManager] 🧭 NAVIGATE TO #table"
   [BROWSER] [log] "[SectionManager] 📦 LOADING #settings..."
   [BROWSER] [log] "[SectionManager] 🚀 RESUME #table"
   [BROWSER] [log] "[table-viz] AWAKE"
   [BROWSER] [log] "[SectionManager] ✅ LOADED #settings (1ms)"
   [BROWSER] [log] "[SectionManager] ✨ START #settings"
   [BROWSER] [log] "[settings-viz] SLEEP"
   [BROWSER] [log] "[SectionManager] 💤 PAUSE #docs"
   [BROWSER] [log] "[docs-viz] SLEEP"
[SMOKE] Step PASSED: Table Section Validation
[SMOKE] Step Start: Verify Header Hidden on Table
[SMOKE] Step PASSED: Verify Header Hidden on Table
[SMOKE] Step Start: Settings Section Validation
   [BROWSER] [log] "[SectionManager] 🧭 NAVIGATING TO #settings"
   [BROWSER] [log] "[SectionManager] 🧭 NAVIGATING TO #settings"
   [BROWSER] [log] "[SectionManager] 🧭 NAVIGATE AWAY #table"
   [BROWSER] [log] "[SectionManager] 🧭 NAVIGATE TO #settings"
   [BROWSER] [log] "[SectionManager] 🚀 RESUME #settings"
   [BROWSER] [log] "[settings-viz] AWAKE"
   [BROWSER] [error] "[SectionManager][INVARIANT][interval] more than one section marked visible: table, settings"
   [BROWSER] [error] "[SectionManager][INVARIANT][interval] more than one section resumed: table, settings"
   [BROWSER] [log] "[SectionManager] 💤 PAUSE #table"
   [BROWSER] [log] "[table-viz] SLEEP"
[SMOKE] Step PASSED: Settings Section Validation
[SMOKE] Step Start: Return Home
   [BROWSER] [log] "[SectionManager] 🧭 NAVIGATING TO #home"
   [BROWSER] [log] "[SectionManager] 🧭 NAVIGATING TO #home"
   [BROWSER] [log] "[SectionManager] 🧭 NAVIGATE AWAY #settings"
   [BROWSER] [log] "[SectionManager] 🧭 NAVIGATE TO #table"
   [BROWSER] [log] "[SectionManager] 🚀 RESUME #table"
   [BROWSER] [log] "[table-viz] AWAKE"
   [BROWSER] [log] "[SectionManager] 💤 PAUSE #settings"
   [BROWSER] [log] "[settings-viz] SLEEP"
   [BROWSER] [log] "[SectionManager] 🧭 NAVIGATE AWAY #table"
   [BROWSER] [log] "[SectionManager] 🧭 NAVIGATE TO #docs"
   [BROWSER] [log] "[SectionManager] 🚀 RESUME #docs"
   [BROWSER] [log] "[docs-viz] AWAKE"
   [BROWSER] [log] "[SectionManager] 💤 PAUSE #table"
   [BROWSER] [log] "[table-viz] SLEEP"
   [BROWSER] [log] "[SectionManager] 🧭 NAVIGATE AWAY #docs"
   [BROWSER] [log] "[SectionManager] 🧭 NAVIGATE TO #home"
   [BROWSER] [log] "[SectionManager] 🚀 RESUME #home"
   [BROWSER] [log] "[hero-viz] AWAKE"
   [BROWSER] [log] "[SectionManager] 💤 PAUSE #docs"
   [BROWSER] [log] "[docs-viz] SLEEP"
[SMOKE] Step PASSED: Return Home
[SMOKE] Lifecycle ASSERT PASSED for sections: home, docs, table, settings
[SMOKE] Generating markdown report...
[SMOKE] COMPLETE. Report at /Users/tim/code/dialtone/src/plugins/template/src_v2/smoke/SMOKE.md
[SMOKE] Cleaning up browser processes using chrome plugin API...
